<?xml version="1.0" encoding="UTF-8"?>
<testsuite name="testing.MainTest" tests="1" skipped="0" failures="0" errors="0" timestamp="2017-11-11T20:29:42" hostname="brain" time="0.126">
  <properties/>
  <testcase name="testCreatePersonObjects" classname="testing.MainTest" time="0.126"/>
  <system-out><![CDATA[createWeightTable() has executed.
Used memory in megabytes: 2.655426 
The runtime of createWeightTable() is 1 ms

createPerson() has executed.
Used memory in megabytes: 2.658928 
The runtime of createPerson() is 5 ms

createWeightTable() has executed.
Used memory in megabytes: 2.167885 
The runtime of createWeightTable() is 0 ms

createPerson() has executed.
Used memory in megabytes: 2.167953 
The runtime of createPerson() is 0 ms

]]></system-out>
  <system-err><![CDATA[]]></system-err>
</testsuite>
