<?xml version="1.0" encoding="UTF-8"?>
<testsuite name="testing.WriterTest" tests="1" skipped="0" failures="0" errors="0" timestamp="2017-11-12T11:31:14" hostname="brain" time="0.003">
  <properties/>
  <testcase name="printProfession" classname="testing.WriterTest" time="0.003"/>
  <system-out><![CDATA[]]></system-out>
  <system-err><![CDATA[Nov 12, 2017 1:31:13 PM org.hibernate.validator.internal.util.Version <clinit>
INFO: HV000001: Hibernate Validator 6.0.4.Final
]]></system-err>
</testsuite>
