<?xml version="1.0" encoding="UTF-8"?>
<testsuite name="testing.PersonCreatorTest" tests="4" skipped="0" failures="0" errors="0" timestamp="2017-11-11T21:14:07" hostname="brain" time="0.174">
  <properties/>
  <testcase name="testCreatePerson" classname="testing.PersonCreatorTest" time="0.019"/>
  <testcase name="testConvertObjectToJSON" classname="testing.PersonCreatorTest" time="0.132"/>
  <testcase name="testCreatePersonHobbies" classname="testing.PersonCreatorTest" time="0.0"/>
  <testcase name="testCreateWeightTable" classname="testing.PersonCreatorTest" time="0.021"/>
  <system-out><![CDATA[createPerson() has executed.
Used memory in megabytes: 2.181259 
The runtime of createPerson() is 0 ms

null
convertObjectToJSON() has executed.
Used memory in megabytes: 2.656937 
The runtime of convertObjectToJSON() is 92 ms

createWeightTable() has executed.
Used memory in megabytes: 2.265846 
The runtime of createWeightTable() is 0 ms

]]></system-out>
  <system-err><![CDATA[]]></system-err>
</testsuite>
