<?xml version="1.0" encoding="UTF-8"?>
<testsuite name="testing.PersonTest" tests="12" skipped="0" failures="0" errors="0" timestamp="2017-11-11T21:42:53" hostname="brain" time="0.242">
  <properties/>
  <testcase name="weightTableIsEmpty" classname="testing.PersonTest" time="0.197"/>
  <testcase name="favouriteMovieIsNull" classname="testing.PersonTest" time="0.001"/>
  <testcase name="ageIsNegative" classname="testing.PersonTest" time="0.002"/>
  <testcase name="nameIsNull" classname="testing.PersonTest" time="0.001"/>
  <testcase name="phoneNumberIsShort" classname="testing.PersonTest" time="0.008"/>
  <testcase name="professionIsValid" classname="testing.PersonTest" time="0.006"/>
  <testcase name="cityNameIsNull" classname="testing.PersonTest" time="0.003"/>
  <testcase name="ageOversize" classname="testing.PersonTest" time="0.003"/>
  <testcase name="ageIsZero" classname="testing.PersonTest" time="0.003"/>
  <testcase name="emailIsNull" classname="testing.PersonTest" time="0.003"/>
  <testcase name="listOfHobbiesIsEmpty" classname="testing.PersonTest" time="0.004"/>
  <testcase name="streetNameIsNull" classname="testing.PersonTest" time="0.01"/>
  <system-out><![CDATA[]]></system-out>
  <system-err><![CDATA[Nov 11, 2017 11:42:53 PM org.hibernate.validator.internal.util.Version <clinit>
INFO: HV000001: Hibernate Validator 6.0.4.Final
]]></system-err>
</testsuite>
