<?xml version="1.0" encoding="UTF-8"?>
<testsuite name="testing.PersonCreatorTest" tests="4" skipped="0" failures="0" errors="0" timestamp="2017-11-11T21:42:52" hostname="brain" time="0.23">
  <properties/>
  <testcase name="testCreatePerson" classname="testing.PersonCreatorTest" time="0.028"/>
  <testcase name="testConvertObjectToJSON" classname="testing.PersonCreatorTest" time="0.172"/>
  <testcase name="testCreatePersonHobbies" classname="testing.PersonCreatorTest" time="0.001"/>
  <testcase name="testCreateWeightTable" classname="testing.PersonCreatorTest" time="0.029"/>
  <system-out><![CDATA[PERSON OBJECT INFO
 fullName: testName age: 20 phone: +333 3333 email: : email@org favouriteMovie: movie cityName: city streetName: street profession: WRITER OBJECT INFO
 salary: 0 yearsOfExperience: 0 genre: null inspiredBy: : null weightTable: {} hobbies: []
createPerson() has executed.
Used memory in megabytes: 2.183113 
The runtime of createPerson() is 1 ms

null
convertObjectToJSON() has executed.
Used memory in megabytes: 2.658669 
The runtime of convertObjectToJSON() is 132 ms

createWeightTable() has executed.
Used memory in megabytes: 4.580254 
The runtime of createWeightTable() is 0 ms

]]></system-out>
  <system-err><![CDATA[]]></system-err>
</testsuite>
