<?xml version="1.0" encoding="UTF-8"?>
<testsuite name="testing.MainTest" tests="1" skipped="0" failures="0" errors="0" timestamp="2017-11-11T21:14:07" hostname="brain" time="0.1">
  <properties/>
  <testcase name="testCreatePersonObjects" classname="testing.MainTest" time="0.1"/>
  <system-out><![CDATA[createWeightTable() has executed.
Used memory in megabytes: 2.655441 
The runtime of createWeightTable() is 0 ms

createPerson() has executed.
Used memory in megabytes: 2.165901 
The runtime of createPerson() is 1 ms

createWeightTable() has executed.
Used memory in megabytes: 2.647743 
The runtime of createWeightTable() is 1 ms

createPerson() has executed.
Used memory in megabytes: 2.167496 
The runtime of createPerson() is 1 ms

]]></system-out>
  <system-err><![CDATA[]]></system-err>
</testsuite>
