<?xml version="1.0" encoding="UTF-8"?>
<testsuite name="testing.ProgrammerTest" tests="16" skipped="0" failures="0" errors="0" timestamp="2017-11-11T21:42:53" hostname="brain" time="0.036">
  <properties/>
  <testcase name="salaryOversize" classname="testing.ProgrammerTest" time="0.01"/>
  <testcase name="printProfession" classname="testing.ProgrammerTest" time="0.0"/>
  <testcase name="experienceIsNegative" classname="testing.ProgrammerTest" time="0.007"/>
  <testcase name="setSpecialization" classname="testing.ProgrammerTest" time="0.004"/>
  <testcase name="languageIsNull" classname="testing.ProgrammerTest" time="0.005"/>
  <testcase name="salaryIsZero" classname="testing.ProgrammerTest" time="0.0"/>
  <testcase name="experienceOversize" classname="testing.ProgrammerTest" time="0.0"/>
  <testcase name="getSpecialization" classname="testing.ProgrammerTest" time="0.0"/>
  <testcase name="setSalary" classname="testing.ProgrammerTest" time="0.0"/>
  <testcase name="getSalary" classname="testing.ProgrammerTest" time="0.0"/>
  <testcase name="setYearsOfExperience" classname="testing.ProgrammerTest" time="0.0"/>
  <testcase name="specializationIsNull" classname="testing.ProgrammerTest" time="0.0"/>
  <testcase name="salaryIsNegative" classname="testing.ProgrammerTest" time="0.004"/>
  <testcase name="getYearsOfExperience" classname="testing.ProgrammerTest" time="0.0"/>
  <testcase name="getMainProgrammingLanguage" classname="testing.ProgrammerTest" time="0.0"/>
  <testcase name="setMainProgrammingLanguage" classname="testing.ProgrammerTest" time="0.0"/>
  <system-out><![CDATA[]]></system-out>
  <system-err><![CDATA[]]></system-err>
</testsuite>
